==25104== Memcheck, a memory error detector
==25104== Copyright (C) 2002-2017, and GNU GPL'd, by Julian Seward et al.
==25104== Using Valgrind-3.14.0.GIT and LibVEX; rerun with -h for copyright info
==25104== Command: ./bin/programa.out
==25104== Parent PID: 25103
==25104== 
==25104== 
==25104== HEAP SUMMARY:
==25104==     in use at exit: 56 bytes in 1 blocks
==25104==   total heap usage: 50 allocs, 49 frees, 4,095 bytes allocated
==25104== 
==25104== 56 bytes in 1 blocks are definitely lost in loss record 1 of 1
==25104==    at 0x483777F: malloc (vg_replace_malloc.c:299)
==25104==    by 0x10A883: exibir_menu (in /home/filipe/Estudos/IMD0012-ITP_project/bin/programa.out)
==25104==    by 0x109256: main (in /home/filipe/Estudos/IMD0012-ITP_project/bin/programa.out)
==25104== 
==25104== LEAK SUMMARY:
==25104==    definitely lost: 56 bytes in 1 blocks
==25104==    indirectly lost: 0 bytes in 0 blocks
==25104==      possibly lost: 0 bytes in 0 blocks
==25104==    still reachable: 0 bytes in 0 blocks
==25104==         suppressed: 0 bytes in 0 blocks
==25104== 
==25104== For counts of detected and suppressed errors, rerun with: -v
==25104== ERROR SUMMARY: 1 errors from 1 contexts (suppressed: 0 from 0)
